<?xml version="1.0" encoding="UTF-8"?>
<!-- Generated by org.testng.reporters.JUnitReportReporter -->
<testsuite skipped="0" hostname="ASDW0119" name="Gmail_test_package.GmailLoginVerify" tests="4" failures="0" timestamp="17 Jan 2020 07:22:18 GMT" time="57.511" errors="0">
  <testcase name="test3" time="2.494" classname="Gmail_test_package.GmailLoginVerify"/>
  <testcase name="test4" time="29.081" classname="Gmail_test_package.GmailLoginVerify"/>
  <testcase name="test5" time="0.655" classname="Gmail_test_package.GmailLoginVerify"/>
  <testcase name="test2" time="25.281" classname="Gmail_test_package.GmailLoginVerify"/>
</testsuite> <!-- Gmail_test_package.GmailLoginVerify -->
